<?xml version="1.0" encoding="UTF-8"?>
<testsuite name="com.epam.esm.service.impl.GiftCertificateTagServiceImplTest" tests="2" skipped="0" failures="0" errors="0" timestamp="2021-12-15T09:15:02" hostname="HOME-PC" time="0.339">
  <properties/>
  <testcase name="updateTest()" classname="com.epam.esm.service.impl.GiftCertificateTagServiceImplTest" time="0.321"/>
  <testcase name="createTest()" classname="com.epam.esm.service.impl.GiftCertificateTagServiceImplTest" time="0.017"/>
  <system-out><![CDATA[]]></system-out>
  <system-err><![CDATA[]]></system-err>
</testsuite>
