<?xml version="1.0" encoding="UTF-8"?>
<testsuite name="com.epam.esm.service.impl.GiftCertificateServiceImplTest" tests="6" skipped="0" failures="0" errors="0" timestamp="2021-12-15T09:15:00" hostname="HOME-PC" time="1.967">
  <properties/>
  <testcase name="readBySearchDataTest()" classname="com.epam.esm.service.impl.GiftCertificateServiceImplTest" time="1.898"/>
  <testcase name="readTest()" classname="com.epam.esm.service.impl.GiftCertificateServiceImplTest" time="0.009"/>
  <testcase name="updateTest()" classname="com.epam.esm.service.impl.GiftCertificateServiceImplTest" time="0.016"/>
  <testcase name="createTest()" classname="com.epam.esm.service.impl.GiftCertificateServiceImplTest" time="0.008"/>
  <testcase name="deleteTest()" classname="com.epam.esm.service.impl.GiftCertificateServiceImplTest" time="0.012"/>
  <testcase name="readByEmptySearchDataTest()" classname="com.epam.esm.service.impl.GiftCertificateServiceImplTest" time="0.007"/>
  <system-out><![CDATA[]]></system-out>
  <system-err><![CDATA[]]></system-err>
</testsuite>
