<?xml version="1.0" encoding="UTF-8"?>
<testsuite name="com.epam.esm.entity.TagDaoImplTest" tests="4" skipped="0" failures="0" errors="0" timestamp="2021-12-15T09:14:56" hostname="HOME-PC" time="0.073">
  <properties/>
  <testcase name="createTest()" classname="com.epam.esm.entity.TagDaoImplTest" time="0.012"/>
  <testcase name="readTest()" classname="com.epam.esm.entity.TagDaoImplTest" time="0.039"/>
  <testcase name="readByIdOrNameTest()" classname="com.epam.esm.entity.TagDaoImplTest" time="0.012"/>
  <testcase name="deleteTest()" classname="com.epam.esm.entity.TagDaoImplTest" time="0.005"/>
  <system-out><![CDATA[]]></system-out>
  <system-err><![CDATA[[Test worker] INFO org.springframework.jdbc.datasource.embedded.EmbeddedDatabaseFactory - Starting embedded database: url='jdbc:h2:mem:testdb;DATABASE_TO_UPPER=false;DB_CLOSE_DELAY=-1;DB_CLOSE_ON_EXIT=false', username='sa'
[Test worker] INFO org.springframework.jdbc.datasource.embedded.EmbeddedDatabaseFactory - Shutting down embedded database: url='jdbc:h2:mem:testdb;DATABASE_TO_UPPER=false;DB_CLOSE_DELAY=-1;DB_CLOSE_ON_EXIT=false'
]]></system-err>
</testsuite>
