<?xml version="1.0" encoding="UTF-8"?>
<testsuite name="com.epam.esm.controller.GiftCertificateControllerTest" tests="5" skipped="0" failures="0" errors="0" timestamp="2021-12-15T09:14:46" hostname="HOME-PC" time="2.035">
  <properties/>
  <testcase name="findCertificatesWithSearchDataTest()" classname="com.epam.esm.controller.GiftCertificateControllerTest" time="1.986"/>
  <testcase name="deleteCertificateTest()" classname="com.epam.esm.controller.GiftCertificateControllerTest" time="0.011"/>
  <testcase name="createCertificateTest()" classname="com.epam.esm.controller.GiftCertificateControllerTest" time="0.007"/>
  <testcase name="findCertificatesTest()" classname="com.epam.esm.controller.GiftCertificateControllerTest" time="0.006"/>
  <testcase name="updateCertificateTest()" classname="com.epam.esm.controller.GiftCertificateControllerTest" time="0.007"/>
  <system-out><![CDATA[]]></system-out>
  <system-err><![CDATA[]]></system-err>
</testsuite>
